2014/10/03 03:50:38 [info] [application] Array
(
    [response] => Array
        (
            [gender] => male
        )

    [userName] => asdf
)

in D:\xampp\htdocs\bangproto\protected\modules\kiosk\controllers\DefaultController.php (33)
in D:\xampp\htdocs\bangproto\index.php (13)
2014/10/03 03:50:38 [info] [application] Valid email found from facebook
in D:\xampp\htdocs\bangproto\protected\modules\kiosk\controllers\DefaultController.php (42)
in D:\xampp\htdocs\bangproto\index.php (13)
2014/10/03 03:50:38 [info] [application] Valid email not found from facebook
in D:\xampp\htdocs\bangproto\protected\modules\kiosk\controllers\DefaultController.php (47)
in D:\xampp\htdocs\bangproto\index.php (13)
2014/10/03 03:53:20 [info] [application] Array
(
    [response] => Array
        (
            [gender] => male
        )

    [userName] => asdf
)

in D:\xampp\htdocs\bangproto\protected\modules\kiosk\controllers\DefaultController.php (33)
in D:\xampp\htdocs\bangproto\index.php (13)
2014/10/03 03:53:20 [info] [application] Valid email found from facebook
in D:\xampp\htdocs\bangproto\protected\modules\kiosk\controllers\DefaultController.php (39)
in D:\xampp\htdocs\bangproto\index.php (13)
2014/10/03 03:53:20 [info] [application] Valid email not found from facebook
in D:\xampp\htdocs\bangproto\protected\modules\kiosk\controllers\DefaultController.php (44)
in D:\xampp\htdocs\bangproto\index.php (13)
2014/10/03 03:54:09 [info] [application] Array
(
    [response] => Array
        (
            [gender] => male
        )

    [userName] => asdf
)

in D:\xampp\htdocs\bangproto\protected\modules\kiosk\controllers\DefaultController.php (33)
in D:\xampp\htdocs\bangproto\index.php (13)
2014/10/03 03:54:09 [info] [application] Valid email not found from facebook
in D:\xampp\htdocs\bangproto\protected\modules\kiosk\controllers\DefaultController.php (39)
in D:\xampp\htdocs\bangproto\index.php (13)
2014/10/03 03:54:09 [info] [application] Valid email not found from facebook
in D:\xampp\htdocs\bangproto\protected\modules\kiosk\controllers\DefaultController.php (44)
in D:\xampp\htdocs\bangproto\index.php (13)
2014/10/03 03:55:30 [info] [application] Array
(
    [response] => Array
        (
            [gender] => male
        )

    [userName] => asdf@gmail.com
)

in D:\xampp\htdocs\bangproto\protected\modules\kiosk\controllers\DefaultController.php (33)
in D:\xampp\htdocs\bangproto\index.php (13)
2014/10/03 03:55:30 [info] [application] Valid email not found from facebook
in D:\xampp\htdocs\bangproto\protected\modules\kiosk\controllers\DefaultController.php (39)
in D:\xampp\htdocs\bangproto\index.php (13)
2014/10/03 03:55:30 [info] [application] Valid email not found from facebook but email in name
in D:\xampp\htdocs\bangproto\protected\modules\kiosk\controllers\DefaultController.php (41)
in D:\xampp\htdocs\bangproto\index.php (13)
2014/10/03 03:55:33 [error] [php] Undefined index: id (D:\xampp\htdocs\bangproto\protected\modules\kiosk\controllers\DefaultController.php:56)
Stack trace:
#0 D:\xampp\htdocs\yii\framework\web\CController.php(286): DefaultController->runAction()
#1 D:\xampp\htdocs\yii\framework\web\CController.php(265): DefaultController->runActionWithFilters()
#2 D:\xampp\htdocs\yii\framework\web\CWebApplication.php(282): DefaultController->run()
#3 D:\xampp\htdocs\yii\framework\web\CWebApplication.php(141): CWebApplication->runController()
#4 D:\xampp\htdocs\yii\framework\base\CApplication.php(169): CWebApplication->processRequest()
#5 D:\xampp\htdocs\bangproto\index.php(13): CWebApplication->run()
REQUEST_URI=/bangproto/kiosk/default/storeData
in D:\xampp\htdocs\bangproto\protected\modules\kiosk\controllers\DefaultController.php (56)
in D:\xampp\htdocs\bangproto\index.php (13)
2014/10/03 04:56:16 [info] [application] Mail send lateer
in D:\xampp\htdocs\bangproto\protected\controllers\BkgProcController.php (13)
in D:\xampp\htdocs\bangproto\index.php (13)
2014/10/03 04:56:16 [info] [application] Log immediate
in D:\xampp\htdocs\bangproto\protected\controllers\BkgProcController.php (21)
in D:\xampp\htdocs\bangproto\index.php (13)
2014/10/03 10:01:46 [error] [php] Undefined variable: _SESSION (D:\xampp\htdocs\bangproto\protected\controllers\SiteController.php:33)
Stack trace:
#0 D:\xampp\htdocs\yii\framework\web\CController.php(286): SiteController->runAction()
#1 D:\xampp\htdocs\yii\framework\web\CController.php(265): SiteController->runActionWithFilters()
#2 D:\xampp\htdocs\yii\framework\web\CWebApplication.php(282): SiteController->run()
#3 D:\xampp\htdocs\yii\framework\web\CWebApplication.php(141): CWebApplication->runController()
#4 D:\xampp\htdocs\yii\framework\base\CApplication.php(169): CWebApplication->processRequest()
#5 D:\xampp\htdocs\bangproto\index.php(13): CWebApplication->run()
REQUEST_URI=/bangproto/
in D:\xampp\htdocs\bangproto\protected\controllers\SiteController.php (33)
in D:\xampp\htdocs\bangproto\index.php (13)
2014/10/03 11:15:28 [error] [exception.CHttpException.404] exception 'CHttpException' with message 'Unable to resolve the request "configure".' in D:\xampp\htdocs\yii\framework\web\CWebApplication.php:286
Stack trace:
#0 D:\xampp\htdocs\yii\framework\web\CWebApplication.php(141): CWebApplication->runController('configure')
#1 D:\xampp\htdocs\yii\framework\base\CApplication.php(169): CWebApplication->processRequest()
#2 D:\xampp\htdocs\bangproto\index.php(13): CApplication->run()
#3 {main}
REQUEST_URI=/bangproto/configure
---
2014/10/03 11:16:39 [error] [exception.CHttpException.404] exception 'CHttpException' with message 'Unable to resolve the request "configure".' in D:\xampp\htdocs\yii\framework\web\CWebApplication.php:286
Stack trace:
#0 D:\xampp\htdocs\yii\framework\web\CWebApplication.php(141): CWebApplication->runController('configure')
#1 D:\xampp\htdocs\yii\framework\base\CApplication.php(169): CWebApplication->processRequest()
#2 D:\xampp\htdocs\bangproto\index.php(13): CApplication->run()
#3 {main}
REQUEST_URI=/bangproto/configure
---
2014/10/03 11:16:43 [error] [exception.CHttpException.404] exception 'CHttpException' with message 'Unable to resolve the request "configure".' in D:\xampp\htdocs\yii\framework\web\CWebApplication.php:286
Stack trace:
#0 D:\xampp\htdocs\yii\framework\web\CWebApplication.php(141): CWebApplication->runController('configure')
#1 D:\xampp\htdocs\yii\framework\base\CApplication.php(169): CWebApplication->processRequest()
#2 D:\xampp\htdocs\bangproto\index.php(13): CApplication->run()
#3 {main}
REQUEST_URI=/bangproto/configure
---
2014/10/03 11:17:01 [error] [exception.CHttpException.404] exception 'CHttpException' with message 'Unable to resolve the request "configure".' in D:\xampp\htdocs\yii\framework\web\CWebApplication.php:286
Stack trace:
#0 D:\xampp\htdocs\yii\framework\web\CWebApplication.php(141): CWebApplication->runController('configure')
#1 D:\xampp\htdocs\yii\framework\base\CApplication.php(169): CWebApplication->processRequest()
#2 D:\xampp\htdocs\bangproto\index.php(13): CApplication->run()
#3 {main}
REQUEST_URI=/bangproto/configure
---
2014/10/03 11:17:04 [error] [exception.CHttpException.404] exception 'CHttpException' with message 'Unable to resolve the request "configure".' in D:\xampp\htdocs\yii\framework\web\CWebApplication.php:286
Stack trace:
#0 D:\xampp\htdocs\yii\framework\web\CWebApplication.php(141): CWebApplication->runController('configure')
#1 D:\xampp\htdocs\yii\framework\base\CApplication.php(169): CWebApplication->processRequest()
#2 D:\xampp\htdocs\bangproto\index.php(13): CApplication->run()
#3 {main}
REQUEST_URI=/bangproto/configure
HTTP_REFERER=http://localhost/bangproto/configure
---
2014/10/03 11:17:06 [error] [exception.CHttpException.404] exception 'CHttpException' with message 'Unable to resolve the request "configure".' in D:\xampp\htdocs\yii\framework\web\CWebApplication.php:286
Stack trace:
#0 D:\xampp\htdocs\yii\framework\web\CWebApplication.php(141): CWebApplication->runController('configure')
#1 D:\xampp\htdocs\yii\framework\base\CApplication.php(169): CWebApplication->processRequest()
#2 D:\xampp\htdocs\bangproto\index.php(13): CApplication->run()
#3 {main}
REQUEST_URI=/bangproto/configure
HTTP_REFERER=http://localhost/bangproto/configure
---
2014/10/03 11:17:10 [error] [exception.CHttpException.404] exception 'CHttpException' with message 'Unable to resolve the request "configure".' in D:\xampp\htdocs\yii\framework\web\CWebApplication.php:286
Stack trace:
#0 D:\xampp\htdocs\yii\framework\web\CWebApplication.php(141): CWebApplication->runController('configure')
#1 D:\xampp\htdocs\yii\framework\base\CApplication.php(169): CWebApplication->processRequest()
#2 D:\xampp\htdocs\bangproto\index.php(13): CApplication->run()
#3 {main}
REQUEST_URI=/bangproto/configure
---
2014/10/03 11:18:07 [info] [application] Redirect url http://localhost/bangproto
in D:\xampp\htdocs\bangproto\protected\controllers\SiteController.php (135)
in D:\xampp\htdocs\bangproto\index.php (13)
2014/10/03 11:43:03 [error] [exception.CException] exception 'CException' with message 'Either "name" or "value" must be specified for CDataColumn.' in D:\xampp\htdocs\yii\framework\zii\widgets\grid\CDataColumn.php:78
Stack trace:
#0 D:\xampp\htdocs\yii\framework\zii\widgets\grid\CGridView.php(376): CDataColumn->init()
#1 D:\xampp\htdocs\bangproto\protected\extensions\yii-bootstrap-master\widgets\BootGridView.php(93): CGridView->initColumns()
#2 D:\xampp\htdocs\yii\framework\zii\widgets\grid\CGridView.php(334): BootGridView->initColumns()
#3 D:\xampp\htdocs\bangproto\protected\extensions\yii-bootstrap-master\widgets\BootGridView.php(51): CGridView->init()
#4 D:\xampp\htdocs\yii\framework\web\CBaseController.php(147): BootGridView->init()
#5 D:\xampp\htdocs\yii\framework\web\CBaseController.php(172): CBaseController->createWidget('bootstrap.widge...', Array)
#6 D:\xampp\htdocs\bangproto\protected\modules\studio\views\default\admin.php(190): CBaseController->widget('bootstrap.widge...', Array)
#7 D:\xampp\htdocs\yii\framework\web\CBaseController.php(126): require('D:\xampp\htdocs...')
#8 D:\xampp\htdocs\yii\framework\web\CBaseController.php(95): CBaseController->renderInternal('D:\xampp\htdocs...', Array, true)
#9 D:\xampp\htdocs\yii\framework\web\CController.php(869): CBaseController->renderFile('D:\xampp\htdocs...', Array, true)
#10 D:\xampp\htdocs\yii\framework\web\CController.php(782): CController->renderPartial('admin', Array, true)
#11 D:\xampp\htdocs\bangproto\protected\modules\studio\controllers\DefaultController.php(121): CController->render('admin', Array)
#12 D:\xampp\htdocs\yii\framework\web\actions\CInlineAction.php(49): DefaultController->actionIndex()
#13 D:\xampp\htdocs\yii\framework\web\CController.php(308): CInlineAction->runWithParams(Array)
#14 D:\xampp\htdocs\yii\framework\web\CController.php(286): CController->runAction(Object(CInlineAction))
#15 D:\xampp\htdocs\yii\framework\web\CController.php(265): CController->runActionWithFilters(Object(CInlineAction), Array)
#16 D:\xampp\htdocs\yii\framework\web\CWebApplication.php(282): CController->run('')
#17 D:\xampp\htdocs\yii\framework\web\CWebApplication.php(141): CWebApplication->runController('studio/default')
#18 D:\xampp\htdocs\yii\framework\base\CApplication.php(169): CWebApplication->processRequest()
#19 D:\xampp\htdocs\bangproto\index.php(13): CApplication->run()
#20 {main}
REQUEST_URI=/bangproto/studio/default/
---
2014/10/05 10:24:15 [error] [exception.CHttpException.404] exception 'CHttpException' with message 'The system is unable to find the requested action "getToken".' in D:\xampp\htdocs\yii\framework\web\CController.php:483
Stack trace:
#0 D:\xampp\htdocs\yii\framework\web\CController.php(270): CController->missingAction('getToken')
#1 D:\xampp\htdocs\yii\framework\web\CWebApplication.php(282): CController->run('getToken')
#2 D:\xampp\htdocs\yii\framework\web\CWebApplication.php(141): CWebApplication->runController('bkgProc/getToke...')
#3 D:\xampp\htdocs\yii\framework\base\CApplication.php(169): CWebApplication->processRequest()
#4 D:\xampp\htdocs\bangproto\index.php(13): CApplication->run()
#5 {main}
REQUEST_URI=/bangproto/bkgProc/getToken
---
2014/10/05 10:24:38 [info] [application] Mail send lateer
in D:\xampp\htdocs\bangproto\protected\controllers\BkgProcController.php (13)
in D:\xampp\htdocs\bangproto\index.php (13)
2014/10/05 10:24:38 [info] [application] Log immediate
in D:\xampp\htdocs\bangproto\protected\controllers\BkgProcController.php (21)
in D:\xampp\htdocs\bangproto\index.php (13)
2014/10/05 10:24:56 [error] [exception.CHttpException.404] exception 'CHttpException' with message 'The system is unable to find the requested action "getToken".' in D:\xampp\htdocs\yii\framework\web\CController.php:483
Stack trace:
#0 D:\xampp\htdocs\yii\framework\web\CController.php(270): CController->missingAction('getToken')
#1 D:\xampp\htdocs\yii\framework\web\CWebApplication.php(282): CController->run('getToken')
#2 D:\xampp\htdocs\yii\framework\web\CWebApplication.php(141): CWebApplication->runController('bkgProc/getToke...')
#3 D:\xampp\htdocs\yii\framework\base\CApplication.php(169): CWebApplication->processRequest()
#4 D:\xampp\htdocs\bangproto\index.php(13): CApplication->run()
#5 {main}
REQUEST_URI=/bangproto/bkgProc/getToken
---
2014/10/05 10:25:40 [info] [application] Log immediate
in D:\xampp\htdocs\bangproto\protected\controllers\BkgProcController.php (21)
in D:\xampp\htdocs\bangproto\index.php (13)
2014/10/05 10:25:40 [info] [application] Mail send lateer
in D:\xampp\htdocs\bangproto\protected\controllers\BkgProcController.php (13)
in D:\xampp\htdocs\bangproto\index.php (13)
2014/10/05 10:25:45 [error] [php] Undefined variable: user (D:\xampp\htdocs\bangproto\protected\views\bkgProc\getToken.php:30)
Stack trace:
#0 D:\xampp\htdocs\yii\framework\web\CController.php(869): BkgProcController->renderFile()
#1 D:\xampp\htdocs\yii\framework\web\CController.php(782): BkgProcController->renderPartial()
#2 D:\xampp\htdocs\bangproto\protected\controllers\BkgProcController.php(29): BkgProcController->render()
#3 D:\xampp\htdocs\yii\framework\web\actions\CInlineAction.php(49): BkgProcController->actionGetToken()
#4 D:\xampp\htdocs\yii\framework\web\CController.php(308): CInlineAction->runWithParams()
#5 D:\xampp\htdocs\yii\framework\web\CController.php(286): BkgProcController->runAction()
#6 D:\xampp\htdocs\yii\framework\web\CController.php(265): BkgProcController->runActionWithFilters()
#7 D:\xampp\htdocs\yii\framework\web\CWebApplication.php(282): BkgProcController->run()
#8 D:\xampp\htdocs\yii\framework\web\CWebApplication.php(141): CWebApplication->runController()
#9 D:\xampp\htdocs\yii\framework\base\CApplication.php(169): CWebApplication->processRequest()
#10 D:\xampp\htdocs\bangproto\index.php(13): CWebApplication->run()
REQUEST_URI=/bangproto/bkgProc/getToken
in D:\xampp\htdocs\bangproto\protected\views\bkgProc\getToken.php (30)
in D:\xampp\htdocs\bangproto\protected\controllers\BkgProcController.php (29)
in D:\xampp\htdocs\bangproto\index.php (13)
